<?xml version="1.0" encoding="UTF-8"?>
<testng-results skipped="0" failed="0" total="1" passed="1">
  <reporter-output>
  </reporter-output>
  <suite name="Default suite" duration-ms="5439" started-at="2015-11-18T07:41:01Z" finished-at="2015-11-18T07:41:07Z">
    <groups>
    </groups>
    <test name="Default test" duration-ms="5439" started-at="2015-11-18T07:41:01Z" finished-at="2015-11-18T07:41:07Z">
      <class name="Utility.FirstMaven.ReverseName">
        <test-method status="PASS" signature="rev()[pri:0, instance:Utility.FirstMaven.ReverseName@67117f44]" name="rev" duration-ms="5404" started-at="2015-11-18T13:11:01Z" finished-at="2015-11-18T13:11:07Z">
          <reporter-output>
          </reporter-output>
        </test-method> <!-- rev -->
      </class> <!-- Utility.FirstMaven.ReverseName -->
    </test> <!-- Default test -->
  </suite> <!-- Default suite -->
</testng-results>
